[2021-03-10 12:07:02.479] [renderer1] [error] EACCES: permission denied, open '/usr/share/vscodium-bin/resources/app/extensions/json-language-features/package.json': Error: EACCES: permission denied, open '/usr/share/vscodium-bin/resources/app/extensions/json-language-features/package.json'
[2021-03-10 12:07:02.485] [renderer1] [error] EACCES: permission denied, open '/usr/share/vscodium-bin/resources/app/extensions/json/package.json': Error: EACCES: permission denied, open '/usr/share/vscodium-bin/resources/app/extensions/json/package.json'
[2021-03-10 12:07:02.485] [renderer1] [error] EACCES: permission denied, open '/usr/share/vscodium-bin/resources/app/extensions/html-language-features/package.json': Error: EACCES: permission denied, open '/usr/share/vscodium-bin/resources/app/extensions/html-language-features/package.json'
[2021-03-10 12:07:02.485] [renderer1] [error] EACCES: permission denied, open '/usr/share/vscodium-bin/resources/app/extensions/yaml/package.json': Error: EACCES: permission denied, open '/usr/share/vscodium-bin/resources/app/extensions/yaml/package.json'
[2021-03-10 12:07:02.485] [renderer1] [error] EACCES: permission denied, open '/usr/share/vscodium-bin/resources/app/extensions/cpp/package.json': Error: EACCES: permission denied, open '/usr/share/vscodium-bin/resources/app/extensions/cpp/package.json'
[2021-03-10 12:07:02.486] [renderer1] [error] EACCES: permission denied, open '/usr/share/vscodium-bin/resources/app/extensions/html/package.json': Error: EACCES: permission denied, open '/usr/share/vscodium-bin/resources/app/extensions/html/package.json'
[2021-03-10 12:07:02.486] [renderer1] [error] EACCES: permission denied, open '/usr/share/vscodium-bin/resources/app/extensions/css/package.json': Error: EACCES: permission denied, open '/usr/share/vscodium-bin/resources/app/extensions/css/package.json'
[2021-03-10 12:07:02.486] [renderer1] [error] EACCES: permission denied, open '/usr/share/vscodium-bin/resources/app/extensions/markdown-basics/package.json': Error: EACCES: permission denied, open '/usr/share/vscodium-bin/resources/app/extensions/markdown-basics/package.json'
[2021-03-10 12:07:02.486] [renderer1] [error] EACCES: permission denied, open '/usr/share/vscodium-bin/resources/app/extensions/docker/package.json': Error: EACCES: permission denied, open '/usr/share/vscodium-bin/resources/app/extensions/docker/package.json'
[2021-03-10 12:07:02.486] [renderer1] [error] EACCES: permission denied, open '/usr/share/vscodium-bin/resources/app/extensions/javascript/package.json': Error: EACCES: permission denied, open '/usr/share/vscodium-bin/resources/app/extensions/javascript/package.json'
[2021-03-10 12:07:02.487] [renderer1] [error] EACCES: permission denied, open '/usr/share/vscodium-bin/resources/app/extensions/java/package.json': Error: EACCES: permission denied, open '/usr/share/vscodium-bin/resources/app/extensions/java/package.json'
[2021-03-10 12:07:02.487] [renderer1] [error] EACCES: permission denied, open '/usr/share/vscodium-bin/resources/app/extensions/log/package.json': Error: EACCES: permission denied, open '/usr/share/vscodium-bin/resources/app/extensions/log/package.json'
[2021-03-10 12:07:02.487] [renderer1] [error] EACCES: permission denied, open '/usr/share/vscodium-bin/resources/app/extensions/configuration-editing/package.json': Error: EACCES: permission denied, open '/usr/share/vscodium-bin/resources/app/extensions/configuration-editing/package.json'
[2021-03-10 12:07:02.487] [renderer1] [error] EACCES: permission denied, open '/usr/share/vscodium-bin/resources/app/extensions/debug-auto-launch/package.json': Error: EACCES: permission denied, open '/usr/share/vscodium-bin/resources/app/extensions/debug-auto-launch/package.json'
[2021-03-10 12:07:02.487] [renderer1] [error] EACCES: permission denied, open '/usr/share/vscodium-bin/resources/app/extensions/make/package.json': Error: EACCES: permission denied, open '/usr/share/vscodium-bin/resources/app/extensions/make/package.json'
[2021-03-10 12:07:02.487] [renderer1] [error] EACCES: permission denied, open '/usr/share/vscodium-bin/resources/app/extensions/handlebars/package.json': Error: EACCES: permission denied, open '/usr/share/vscodium-bin/resources/app/extensions/handlebars/package.json'
[2021-03-10 12:07:02.488] [renderer1] [error] EACCES: permission denied, open '/usr/share/vscodium-bin/resources/app/extensions/less/package.json': Error: EACCES: permission denied, open '/usr/share/vscodium-bin/resources/app/extensions/less/package.json'
[2021-03-10 12:07:02.488] [renderer1] [error] EACCES: permission denied, open '/usr/share/vscodium-bin/resources/app/extensions/go/package.json': Error: EACCES: permission denied, open '/usr/share/vscodium-bin/resources/app/extensions/go/package.json'
[2021-03-10 12:07:02.488] [renderer1] [error] EACCES: permission denied, open '/usr/share/vscodium-bin/resources/app/extensions/bat/package.json': Error: EACCES: permission denied, open '/usr/share/vscodium-bin/resources/app/extensions/bat/package.json'
[2021-03-10 12:07:02.488] [renderer1] [error] EACCES: permission denied, open '/usr/share/vscodium-bin/resources/app/extensions/clojure/package.json': Error: EACCES: permission denied, open '/usr/share/vscodium-bin/resources/app/extensions/clojure/package.json'
[2021-03-10 12:07:02.488] [renderer1] [error] EACCES: permission denied, open '/usr/share/vscodium-bin/resources/app/extensions/coffeescript/package.json': Error: EACCES: permission denied, open '/usr/share/vscodium-bin/resources/app/extensions/coffeescript/package.json'
[2021-03-10 12:07:02.488] [renderer1] [error] EACCES: permission denied, open '/usr/share/vscodium-bin/resources/app/extensions/groovy/package.json': Error: EACCES: permission denied, open '/usr/share/vscodium-bin/resources/app/extensions/groovy/package.json'
[2021-03-10 12:07:02.488] [renderer1] [error] EACCES: permission denied, open '/usr/share/vscodium-bin/resources/app/extensions/emmet/package.json': Error: EACCES: permission denied, open '/usr/share/vscodium-bin/resources/app/extensions/emmet/package.json'
[2021-03-10 12:07:02.489] [renderer1] [error] EACCES: permission denied, open '/usr/share/vscodium-bin/resources/app/extensions/grunt/package.json': Error: EACCES: permission denied, open '/usr/share/vscodium-bin/resources/app/extensions/grunt/package.json'
[2021-03-10 12:07:02.489] [renderer1] [error] EACCES: permission denied, open '/usr/share/vscodium-bin/resources/app/extensions/gulp/package.json': Error: EACCES: permission denied, open '/usr/share/vscodium-bin/resources/app/extensions/gulp/package.json'
[2021-03-10 12:07:02.489] [renderer1] [error] EACCES: permission denied, open '/usr/share/vscodium-bin/resources/app/extensions/jake/package.json': Error: EACCES: permission denied, open '/usr/share/vscodium-bin/resources/app/extensions/jake/package.json'
[2021-03-10 12:07:02.489] [renderer1] [error] EACCES: permission denied, open '/usr/share/vscodium-bin/resources/app/extensions/shellscript/package.json': Error: EACCES: permission denied, open '/usr/share/vscodium-bin/resources/app/extensions/shellscript/package.json'
[2021-03-10 12:07:02.489] [renderer1] [error] EACCES: permission denied, open '/usr/share/vscodium-bin/resources/app/extensions/xml/package.json': Error: EACCES: permission denied, open '/usr/share/vscodium-bin/resources/app/extensions/xml/package.json'
[2021-03-10 12:07:02.490] [renderer1] [error] EACCES: permission denied, open '/usr/share/vscodium-bin/resources/app/extensions/ini/package.json': Error: EACCES: permission denied, open '/usr/share/vscodium-bin/resources/app/extensions/ini/package.json'
[2021-03-10 12:07:02.490] [renderer1] [error] EACCES: permission denied, open '/usr/share/vscodium-bin/resources/app/extensions/csharp/package.json': Error: EACCES: permission denied, open '/usr/share/vscodium-bin/resources/app/extensions/csharp/package.json'
[2021-03-10 12:07:02.490] [renderer1] [error] EACCES: permission denied, open '/usr/share/vscodium-bin/resources/app/extensions/python/package.json': Error: EACCES: permission denied, open '/usr/share/vscodium-bin/resources/app/extensions/python/package.json'
[2021-03-10 12:07:02.490] [renderer1] [error] EACCES: permission denied, open '/usr/share/vscodium-bin/resources/app/extensions/lua/package.json': Error: EACCES: permission denied, open '/usr/share/vscodium-bin/resources/app/extensions/lua/package.json'
[2021-03-10 12:07:02.490] [renderer1] [error] EACCES: permission denied, open '/usr/share/vscodium-bin/resources/app/extensions/fsharp/package.json': Error: EACCES: permission denied, open '/usr/share/vscodium-bin/resources/app/extensions/fsharp/package.json'
[2021-03-10 12:07:02.490] [renderer1] [error] EACCES: permission denied, open '/usr/share/vscodium-bin/resources/app/extensions/hlsl/package.json': Error: EACCES: permission denied, open '/usr/share/vscodium-bin/resources/app/extensions/hlsl/package.json'
[2021-03-10 12:07:02.491] [renderer1] [error] EACCES: permission denied, open '/usr/share/vscodium-bin/resources/app/extensions/merge-conflict/package.json': Error: EACCES: permission denied, open '/usr/share/vscodium-bin/resources/app/extensions/merge-conflict/package.json'
[2021-03-10 12:07:02.491] [renderer1] [error] EACCES: permission denied, open '/usr/share/vscodium-bin/resources/app/extensions/typescript-basics/package.json': Error: EACCES: permission denied, open '/usr/share/vscodium-bin/resources/app/extensions/typescript-basics/package.json'
[2021-03-10 12:07:02.491] [renderer1] [error] EACCES: permission denied, open '/usr/share/vscodium-bin/resources/app/extensions/typescript-language-features/package.json': Error: EACCES: permission denied, open '/usr/share/vscodium-bin/resources/app/extensions/typescript-language-features/package.json'
[2021-03-10 12:07:02.491] [renderer1] [error] EACCES: permission denied, open '/usr/share/vscodium-bin/resources/app/extensions/theme-monokai/package.json': Error: EACCES: permission denied, open '/usr/share/vscodium-bin/resources/app/extensions/theme-monokai/package.json'
[2021-03-10 12:07:02.491] [renderer1] [error] EACCES: permission denied, open '/usr/share/vscodium-bin/resources/app/extensions/sql/package.json': Error: EACCES: permission denied, open '/usr/share/vscodium-bin/resources/app/extensions/sql/package.json'
[2021-03-10 12:07:02.491] [renderer1] [error] EACCES: permission denied, open '/usr/share/vscodium-bin/resources/app/extensions/theme-solarized-dark/package.json': Error: EACCES: permission denied, open '/usr/share/vscodium-bin/resources/app/extensions/theme-solarized-dark/package.json'
[2021-03-10 12:07:02.492] [renderer1] [error] EACCES: permission denied, open '/usr/share/vscodium-bin/resources/app/extensions/theme-defaults/package.json': Error: EACCES: permission denied, open '/usr/share/vscodium-bin/resources/app/extensions/theme-defaults/package.json'
[2021-03-10 12:07:02.492] [renderer1] [error] EACCES: permission denied, open '/usr/share/vscodium-bin/resources/app/extensions/theme-quietlight/package.json': Error: EACCES: permission denied, open '/usr/share/vscodium-bin/resources/app/extensions/theme-quietlight/package.json'
[2021-03-10 12:07:02.492] [renderer1] [error] EACCES: permission denied, open '/usr/share/vscodium-bin/resources/app/extensions/theme-tomorrow-night-blue/package.json': Error: EACCES: permission denied, open '/usr/share/vscodium-bin/resources/app/extensions/theme-tomorrow-night-blue/package.json'
[2021-03-10 12:07:23.681] [renderer1] [error] EACCES: permission denied, open '/usr/share/vscodium-bin/resources/app/extensions/json-language-features/package.json': Error: EACCES: permission denied, open '/usr/share/vscodium-bin/resources/app/extensions/json-language-features/package.json'
[2021-03-10 12:07:23.687] [renderer1] [error] EACCES: permission denied, open '/usr/share/vscodium-bin/resources/app/extensions/json/package.json': Error: EACCES: permission denied, open '/usr/share/vscodium-bin/resources/app/extensions/json/package.json'
[2021-03-10 12:07:23.687] [renderer1] [error] EACCES: permission denied, open '/usr/share/vscodium-bin/resources/app/extensions/html-language-features/package.json': Error: EACCES: permission denied, open '/usr/share/vscodium-bin/resources/app/extensions/html-language-features/package.json'
[2021-03-10 12:07:23.687] [renderer1] [error] EACCES: permission denied, open '/usr/share/vscodium-bin/resources/app/extensions/yaml/package.json': Error: EACCES: permission denied, open '/usr/share/vscodium-bin/resources/app/extensions/yaml/package.json'
[2021-03-10 12:07:23.687] [renderer1] [error] EACCES: permission denied, open '/usr/share/vscodium-bin/resources/app/extensions/cpp/package.json': Error: EACCES: permission denied, open '/usr/share/vscodium-bin/resources/app/extensions/cpp/package.json'
[2021-03-10 12:07:23.687] [renderer1] [error] EACCES: permission denied, open '/usr/share/vscodium-bin/resources/app/extensions/html/package.json': Error: EACCES: permission denied, open '/usr/share/vscodium-bin/resources/app/extensions/html/package.json'
[2021-03-10 12:07:23.687] [renderer1] [error] EACCES: permission denied, open '/usr/share/vscodium-bin/resources/app/extensions/css/package.json': Error: EACCES: permission denied, open '/usr/share/vscodium-bin/resources/app/extensions/css/package.json'
[2021-03-10 12:07:23.688] [renderer1] [error] EACCES: permission denied, open '/usr/share/vscodium-bin/resources/app/extensions/markdown-basics/package.json': Error: EACCES: permission denied, open '/usr/share/vscodium-bin/resources/app/extensions/markdown-basics/package.json'
[2021-03-10 12:07:23.688] [renderer1] [error] EACCES: permission denied, open '/usr/share/vscodium-bin/resources/app/extensions/docker/package.json': Error: EACCES: permission denied, open '/usr/share/vscodium-bin/resources/app/extensions/docker/package.json'
[2021-03-10 12:07:23.688] [renderer1] [error] EACCES: permission denied, open '/usr/share/vscodium-bin/resources/app/extensions/javascript/package.json': Error: EACCES: permission denied, open '/usr/share/vscodium-bin/resources/app/extensions/javascript/package.json'
[2021-03-10 12:07:23.688] [renderer1] [error] EACCES: permission denied, open '/usr/share/vscodium-bin/resources/app/extensions/java/package.json': Error: EACCES: permission denied, open '/usr/share/vscodium-bin/resources/app/extensions/java/package.json'
[2021-03-10 12:07:23.688] [renderer1] [error] EACCES: permission denied, open '/usr/share/vscodium-bin/resources/app/extensions/log/package.json': Error: EACCES: permission denied, open '/usr/share/vscodium-bin/resources/app/extensions/log/package.json'
[2021-03-10 12:07:23.688] [renderer1] [error] EACCES: permission denied, open '/usr/share/vscodium-bin/resources/app/extensions/configuration-editing/package.json': Error: EACCES: permission denied, open '/usr/share/vscodium-bin/resources/app/extensions/configuration-editing/package.json'
[2021-03-10 12:07:23.689] [renderer1] [error] EACCES: permission denied, open '/usr/share/vscodium-bin/resources/app/extensions/debug-auto-launch/package.json': Error: EACCES: permission denied, open '/usr/share/vscodium-bin/resources/app/extensions/debug-auto-launch/package.json'
[2021-03-10 12:07:23.689] [renderer1] [error] EACCES: permission denied, open '/usr/share/vscodium-bin/resources/app/extensions/make/package.json': Error: EACCES: permission denied, open '/usr/share/vscodium-bin/resources/app/extensions/make/package.json'
[2021-03-10 12:07:23.689] [renderer1] [error] EACCES: permission denied, open '/usr/share/vscodium-bin/resources/app/extensions/handlebars/package.json': Error: EACCES: permission denied, open '/usr/share/vscodium-bin/resources/app/extensions/handlebars/package.json'
[2021-03-10 12:07:23.689] [renderer1] [error] EACCES: permission denied, open '/usr/share/vscodium-bin/resources/app/extensions/less/package.json': Error: EACCES: permission denied, open '/usr/share/vscodium-bin/resources/app/extensions/less/package.json'
[2021-03-10 12:07:23.689] [renderer1] [error] EACCES: permission denied, open '/usr/share/vscodium-bin/resources/app/extensions/go/package.json': Error: EACCES: permission denied, open '/usr/share/vscodium-bin/resources/app/extensions/go/package.json'
[2021-03-10 12:07:23.689] [renderer1] [error] EACCES: permission denied, open '/usr/share/vscodium-bin/resources/app/extensions/bat/package.json': Error: EACCES: permission denied, open '/usr/share/vscodium-bin/resources/app/extensions/bat/package.json'
[2021-03-10 12:07:23.689] [renderer1] [error] EACCES: permission denied, open '/usr/share/vscodium-bin/resources/app/extensions/clojure/package.json': Error: EACCES: permission denied, open '/usr/share/vscodium-bin/resources/app/extensions/clojure/package.json'
[2021-03-10 12:07:23.694] [renderer1] [error] EACCES: permission denied, open '/usr/share/vscodium-bin/resources/app/extensions/coffeescript/package.json': Error: EACCES: permission denied, open '/usr/share/vscodium-bin/resources/app/extensions/coffeescript/package.json'
[2021-03-10 12:07:23.694] [renderer1] [error] EACCES: permission denied, open '/usr/share/vscodium-bin/resources/app/extensions/groovy/package.json': Error: EACCES: permission denied, open '/usr/share/vscodium-bin/resources/app/extensions/groovy/package.json'
[2021-03-10 12:07:23.694] [renderer1] [error] EACCES: permission denied, open '/usr/share/vscodium-bin/resources/app/extensions/emmet/package.json': Error: EACCES: permission denied, open '/usr/share/vscodium-bin/resources/app/extensions/emmet/package.json'
[2021-03-10 12:07:23.695] [renderer1] [error] EACCES: permission denied, open '/usr/share/vscodium-bin/resources/app/extensions/grunt/package.json': Error: EACCES: permission denied, open '/usr/share/vscodium-bin/resources/app/extensions/grunt/package.json'
[2021-03-10 12:07:23.695] [renderer1] [error] EACCES: permission denied, open '/usr/share/vscodium-bin/resources/app/extensions/gulp/package.json': Error: EACCES: permission denied, open '/usr/share/vscodium-bin/resources/app/extensions/gulp/package.json'
[2021-03-10 12:07:23.695] [renderer1] [error] EACCES: permission denied, open '/usr/share/vscodium-bin/resources/app/extensions/jake/package.json': Error: EACCES: permission denied, open '/usr/share/vscodium-bin/resources/app/extensions/jake/package.json'
[2021-03-10 12:07:23.695] [renderer1] [error] EACCES: permission denied, open '/usr/share/vscodium-bin/resources/app/extensions/shellscript/package.json': Error: EACCES: permission denied, open '/usr/share/vscodium-bin/resources/app/extensions/shellscript/package.json'
[2021-03-10 12:07:23.695] [renderer1] [error] EACCES: permission denied, open '/usr/share/vscodium-bin/resources/app/extensions/xml/package.json': Error: EACCES: permission denied, open '/usr/share/vscodium-bin/resources/app/extensions/xml/package.json'
[2021-03-10 12:07:23.695] [renderer1] [error] EACCES: permission denied, open '/usr/share/vscodium-bin/resources/app/extensions/ini/package.json': Error: EACCES: permission denied, open '/usr/share/vscodium-bin/resources/app/extensions/ini/package.json'
[2021-03-10 12:07:23.695] [renderer1] [error] EACCES: permission denied, open '/usr/share/vscodium-bin/resources/app/extensions/csharp/package.json': Error: EACCES: permission denied, open '/usr/share/vscodium-bin/resources/app/extensions/csharp/package.json'
[2021-03-10 12:07:23.696] [renderer1] [error] EACCES: permission denied, open '/usr/share/vscodium-bin/resources/app/extensions/python/package.json': Error: EACCES: permission denied, open '/usr/share/vscodium-bin/resources/app/extensions/python/package.json'
[2021-03-10 12:07:23.696] [renderer1] [error] EACCES: permission denied, open '/usr/share/vscodium-bin/resources/app/extensions/lua/package.json': Error: EACCES: permission denied, open '/usr/share/vscodium-bin/resources/app/extensions/lua/package.json'
[2021-03-10 12:07:23.696] [renderer1] [error] EACCES: permission denied, open '/usr/share/vscodium-bin/resources/app/extensions/fsharp/package.json': Error: EACCES: permission denied, open '/usr/share/vscodium-bin/resources/app/extensions/fsharp/package.json'
[2021-03-10 12:07:23.696] [renderer1] [error] EACCES: permission denied, open '/usr/share/vscodium-bin/resources/app/extensions/hlsl/package.json': Error: EACCES: permission denied, open '/usr/share/vscodium-bin/resources/app/extensions/hlsl/package.json'
[2021-03-10 12:07:23.696] [renderer1] [error] EACCES: permission denied, open '/usr/share/vscodium-bin/resources/app/extensions/merge-conflict/package.json': Error: EACCES: permission denied, open '/usr/share/vscodium-bin/resources/app/extensions/merge-conflict/package.json'
[2021-03-10 12:07:23.696] [renderer1] [error] EACCES: permission denied, open '/usr/share/vscodium-bin/resources/app/extensions/typescript-basics/package.json': Error: EACCES: permission denied, open '/usr/share/vscodium-bin/resources/app/extensions/typescript-basics/package.json'
[2021-03-10 12:07:23.696] [renderer1] [error] EACCES: permission denied, open '/usr/share/vscodium-bin/resources/app/extensions/typescript-language-features/package.json': Error: EACCES: permission denied, open '/usr/share/vscodium-bin/resources/app/extensions/typescript-language-features/package.json'
[2021-03-10 12:07:23.697] [renderer1] [error] EACCES: permission denied, open '/usr/share/vscodium-bin/resources/app/extensions/theme-monokai/package.json': Error: EACCES: permission denied, open '/usr/share/vscodium-bin/resources/app/extensions/theme-monokai/package.json'
[2021-03-10 12:07:23.697] [renderer1] [error] EACCES: permission denied, open '/usr/share/vscodium-bin/resources/app/extensions/sql/package.json': Error: EACCES: permission denied, open '/usr/share/vscodium-bin/resources/app/extensions/sql/package.json'
[2021-03-10 12:07:23.697] [renderer1] [error] EACCES: permission denied, open '/usr/share/vscodium-bin/resources/app/extensions/theme-solarized-dark/package.json': Error: EACCES: permission denied, open '/usr/share/vscodium-bin/resources/app/extensions/theme-solarized-dark/package.json'
[2021-03-10 12:07:23.697] [renderer1] [error] EACCES: permission denied, open '/usr/share/vscodium-bin/resources/app/extensions/theme-defaults/package.json': Error: EACCES: permission denied, open '/usr/share/vscodium-bin/resources/app/extensions/theme-defaults/package.json'
[2021-03-10 12:07:23.697] [renderer1] [error] EACCES: permission denied, open '/usr/share/vscodium-bin/resources/app/extensions/theme-quietlight/package.json': Error: EACCES: permission denied, open '/usr/share/vscodium-bin/resources/app/extensions/theme-quietlight/package.json'
[2021-03-10 12:07:23.697] [renderer1] [error] EACCES: permission denied, open '/usr/share/vscodium-bin/resources/app/extensions/theme-tomorrow-night-blue/package.json': Error: EACCES: permission denied, open '/usr/share/vscodium-bin/resources/app/extensions/theme-tomorrow-night-blue/package.json'
[2021-03-10 12:07:25.700] [renderer1] [error] EACCES: permission denied, open '/usr/share/vscodium-bin/resources/app/extensions/javascript/package.json': Error: EACCES: permission denied, open '/usr/share/vscodium-bin/resources/app/extensions/javascript/package.json'
[2021-03-10 12:07:25.701] [renderer1] [error] EACCES: permission denied, open '/usr/share/vscodium-bin/resources/app/extensions/typescript-language-features/package.json': Error: EACCES: permission denied, open '/usr/share/vscodium-bin/resources/app/extensions/typescript-language-features/package.json'
[2021-03-10 12:07:29.594] [renderer1] [error] EACCES: permission denied, open '/usr/share/vscodium-bin/resources/app/extensions/json-language-features/package.json': Error: EACCES: permission denied, open '/usr/share/vscodium-bin/resources/app/extensions/json-language-features/package.json'
[2021-03-10 12:07:29.599] [renderer1] [error] EACCES: permission denied, open '/usr/share/vscodium-bin/resources/app/extensions/json/package.json': Error: EACCES: permission denied, open '/usr/share/vscodium-bin/resources/app/extensions/json/package.json'
[2021-03-10 12:07:29.599] [renderer1] [error] EACCES: permission denied, open '/usr/share/vscodium-bin/resources/app/extensions/yaml/package.json': Error: EACCES: permission denied, open '/usr/share/vscodium-bin/resources/app/extensions/yaml/package.json'
[2021-03-10 12:07:29.599] [renderer1] [error] EACCES: permission denied, open '/usr/share/vscodium-bin/resources/app/extensions/html-language-features/package.json': Error: EACCES: permission denied, open '/usr/share/vscodium-bin/resources/app/extensions/html-language-features/package.json'
[2021-03-10 12:07:29.599] [renderer1] [error] EACCES: permission denied, open '/usr/share/vscodium-bin/resources/app/extensions/cpp/package.json': Error: EACCES: permission denied, open '/usr/share/vscodium-bin/resources/app/extensions/cpp/package.json'
[2021-03-10 12:07:29.599] [renderer1] [error] EACCES: permission denied, open '/usr/share/vscodium-bin/resources/app/extensions/html/package.json': Error: EACCES: permission denied, open '/usr/share/vscodium-bin/resources/app/extensions/html/package.json'
[2021-03-10 12:07:29.600] [renderer1] [error] EACCES: permission denied, open '/usr/share/vscodium-bin/resources/app/extensions/css/package.json': Error: EACCES: permission denied, open '/usr/share/vscodium-bin/resources/app/extensions/css/package.json'
[2021-03-10 12:07:29.600] [renderer1] [error] EACCES: permission denied, open '/usr/share/vscodium-bin/resources/app/extensions/markdown-basics/package.json': Error: EACCES: permission denied, open '/usr/share/vscodium-bin/resources/app/extensions/markdown-basics/package.json'
[2021-03-10 12:07:29.600] [renderer1] [error] EACCES: permission denied, open '/usr/share/vscodium-bin/resources/app/extensions/docker/package.json': Error: EACCES: permission denied, open '/usr/share/vscodium-bin/resources/app/extensions/docker/package.json'
[2021-03-10 12:07:29.600] [renderer1] [error] EACCES: permission denied, open '/usr/share/vscodium-bin/resources/app/extensions/javascript/package.json': Error: EACCES: permission denied, open '/usr/share/vscodium-bin/resources/app/extensions/javascript/package.json'
[2021-03-10 12:07:29.601] [renderer1] [error] EACCES: permission denied, open '/usr/share/vscodium-bin/resources/app/extensions/java/package.json': Error: EACCES: permission denied, open '/usr/share/vscodium-bin/resources/app/extensions/java/package.json'
[2021-03-10 12:07:29.601] [renderer1] [error] EACCES: permission denied, open '/usr/share/vscodium-bin/resources/app/extensions/log/package.json': Error: EACCES: permission denied, open '/usr/share/vscodium-bin/resources/app/extensions/log/package.json'
[2021-03-10 12:07:29.601] [renderer1] [error] EACCES: permission denied, open '/usr/share/vscodium-bin/resources/app/extensions/configuration-editing/package.json': Error: EACCES: permission denied, open '/usr/share/vscodium-bin/resources/app/extensions/configuration-editing/package.json'
[2021-03-10 12:07:29.601] [renderer1] [error] EACCES: permission denied, open '/usr/share/vscodium-bin/resources/app/extensions/debug-auto-launch/package.json': Error: EACCES: permission denied, open '/usr/share/vscodium-bin/resources/app/extensions/debug-auto-launch/package.json'
[2021-03-10 12:07:29.601] [renderer1] [error] EACCES: permission denied, open '/usr/share/vscodium-bin/resources/app/extensions/make/package.json': Error: EACCES: permission denied, open '/usr/share/vscodium-bin/resources/app/extensions/make/package.json'
[2021-03-10 12:07:29.602] [renderer1] [error] EACCES: permission denied, open '/usr/share/vscodium-bin/resources/app/extensions/handlebars/package.json': Error: EACCES: permission denied, open '/usr/share/vscodium-bin/resources/app/extensions/handlebars/package.json'
[2021-03-10 12:07:29.602] [renderer1] [error] EACCES: permission denied, open '/usr/share/vscodium-bin/resources/app/extensions/less/package.json': Error: EACCES: permission denied, open '/usr/share/vscodium-bin/resources/app/extensions/less/package.json'
[2021-03-10 12:07:29.602] [renderer1] [error] EACCES: permission denied, open '/usr/share/vscodium-bin/resources/app/extensions/go/package.json': Error: EACCES: permission denied, open '/usr/share/vscodium-bin/resources/app/extensions/go/package.json'
[2021-03-10 12:07:29.602] [renderer1] [error] EACCES: permission denied, open '/usr/share/vscodium-bin/resources/app/extensions/bat/package.json': Error: EACCES: permission denied, open '/usr/share/vscodium-bin/resources/app/extensions/bat/package.json'
[2021-03-10 12:07:29.603] [renderer1] [error] EACCES: permission denied, open '/usr/share/vscodium-bin/resources/app/extensions/clojure/package.json': Error: EACCES: permission denied, open '/usr/share/vscodium-bin/resources/app/extensions/clojure/package.json'
[2021-03-10 12:07:29.603] [renderer1] [error] EACCES: permission denied, open '/usr/share/vscodium-bin/resources/app/extensions/coffeescript/package.json': Error: EACCES: permission denied, open '/usr/share/vscodium-bin/resources/app/extensions/coffeescript/package.json'
[2021-03-10 12:07:29.603] [renderer1] [error] EACCES: permission denied, open '/usr/share/vscodium-bin/resources/app/extensions/groovy/package.json': Error: EACCES: permission denied, open '/usr/share/vscodium-bin/resources/app/extensions/groovy/package.json'
[2021-03-10 12:07:29.603] [renderer1] [error] EACCES: permission denied, open '/usr/share/vscodium-bin/resources/app/extensions/emmet/package.json': Error: EACCES: permission denied, open '/usr/share/vscodium-bin/resources/app/extensions/emmet/package.json'
[2021-03-10 12:07:29.603] [renderer1] [error] EACCES: permission denied, open '/usr/share/vscodium-bin/resources/app/extensions/gulp/package.json': Error: EACCES: permission denied, open '/usr/share/vscodium-bin/resources/app/extensions/gulp/package.json'
[2021-03-10 12:07:29.604] [renderer1] [error] EACCES: permission denied, open '/usr/share/vscodium-bin/resources/app/extensions/grunt/package.json': Error: EACCES: permission denied, open '/usr/share/vscodium-bin/resources/app/extensions/grunt/package.json'
[2021-03-10 12:07:29.604] [renderer1] [error] EACCES: permission denied, open '/usr/share/vscodium-bin/resources/app/extensions/jake/package.json': Error: EACCES: permission denied, open '/usr/share/vscodium-bin/resources/app/extensions/jake/package.json'
[2021-03-10 12:07:29.605] [renderer1] [error] EACCES: permission denied, open '/usr/share/vscodium-bin/resources/app/extensions/xml/package.json': Error: EACCES: permission denied, open '/usr/share/vscodium-bin/resources/app/extensions/xml/package.json'
[2021-03-10 12:07:29.605] [renderer1] [error] EACCES: permission denied, open '/usr/share/vscodium-bin/resources/app/extensions/shellscript/package.json': Error: EACCES: permission denied, open '/usr/share/vscodium-bin/resources/app/extensions/shellscript/package.json'
[2021-03-10 12:07:29.605] [renderer1] [error] EACCES: permission denied, open '/usr/share/vscodium-bin/resources/app/extensions/ini/package.json': Error: EACCES: permission denied, open '/usr/share/vscodium-bin/resources/app/extensions/ini/package.json'
[2021-03-10 12:07:29.605] [renderer1] [error] EACCES: permission denied, open '/usr/share/vscodium-bin/resources/app/extensions/csharp/package.json': Error: EACCES: permission denied, open '/usr/share/vscodium-bin/resources/app/extensions/csharp/package.json'
[2021-03-10 12:07:29.606] [renderer1] [error] EACCES: permission denied, open '/usr/share/vscodium-bin/resources/app/extensions/python/package.json': Error: EACCES: permission denied, open '/usr/share/vscodium-bin/resources/app/extensions/python/package.json'
[2021-03-10 12:07:29.606] [renderer1] [error] EACCES: permission denied, open '/usr/share/vscodium-bin/resources/app/extensions/lua/package.json': Error: EACCES: permission denied, open '/usr/share/vscodium-bin/resources/app/extensions/lua/package.json'
[2021-03-10 12:07:29.606] [renderer1] [error] EACCES: permission denied, open '/usr/share/vscodium-bin/resources/app/extensions/fsharp/package.json': Error: EACCES: permission denied, open '/usr/share/vscodium-bin/resources/app/extensions/fsharp/package.json'
[2021-03-10 12:07:29.607] [renderer1] [error] EACCES: permission denied, open '/usr/share/vscodium-bin/resources/app/extensions/hlsl/package.json': Error: EACCES: permission denied, open '/usr/share/vscodium-bin/resources/app/extensions/hlsl/package.json'
[2021-03-10 12:07:29.607] [renderer1] [error] EACCES: permission denied, open '/usr/share/vscodium-bin/resources/app/extensions/merge-conflict/package.json': Error: EACCES: permission denied, open '/usr/share/vscodium-bin/resources/app/extensions/merge-conflict/package.json'
[2021-03-10 12:07:29.607] [renderer1] [error] EACCES: permission denied, open '/usr/share/vscodium-bin/resources/app/extensions/typescript-basics/package.json': Error: EACCES: permission denied, open '/usr/share/vscodium-bin/resources/app/extensions/typescript-basics/package.json'
[2021-03-10 12:07:29.607] [renderer1] [error] EACCES: permission denied, open '/usr/share/vscodium-bin/resources/app/extensions/typescript-language-features/package.json': Error: EACCES: permission denied, open '/usr/share/vscodium-bin/resources/app/extensions/typescript-language-features/package.json'
[2021-03-10 12:07:29.607] [renderer1] [error] EACCES: permission denied, open '/usr/share/vscodium-bin/resources/app/extensions/theme-monokai/package.json': Error: EACCES: permission denied, open '/usr/share/vscodium-bin/resources/app/extensions/theme-monokai/package.json'
[2021-03-10 12:07:29.607] [renderer1] [error] EACCES: permission denied, open '/usr/share/vscodium-bin/resources/app/extensions/sql/package.json': Error: EACCES: permission denied, open '/usr/share/vscodium-bin/resources/app/extensions/sql/package.json'
[2021-03-10 12:07:29.608] [renderer1] [error] EACCES: permission denied, open '/usr/share/vscodium-bin/resources/app/extensions/theme-solarized-dark/package.json': Error: EACCES: permission denied, open '/usr/share/vscodium-bin/resources/app/extensions/theme-solarized-dark/package.json'
[2021-03-10 12:07:29.608] [renderer1] [error] EACCES: permission denied, open '/usr/share/vscodium-bin/resources/app/extensions/theme-defaults/package.json': Error: EACCES: permission denied, open '/usr/share/vscodium-bin/resources/app/extensions/theme-defaults/package.json'
[2021-03-10 12:07:29.608] [renderer1] [error] EACCES: permission denied, open '/usr/share/vscodium-bin/resources/app/extensions/theme-quietlight/package.json': Error: EACCES: permission denied, open '/usr/share/vscodium-bin/resources/app/extensions/theme-quietlight/package.json'
[2021-03-10 12:07:29.608] [renderer1] [error] EACCES: permission denied, open '/usr/share/vscodium-bin/resources/app/extensions/theme-tomorrow-night-blue/package.json': Error: EACCES: permission denied, open '/usr/share/vscodium-bin/resources/app/extensions/theme-tomorrow-night-blue/package.json'
[2021-03-10 12:08:02.136] [renderer1] [error] ENOENT: no such file or directory, open '/home/tony/.config/VSCodium/User/globalStorage/vscodevim.vim/.registers': Error: ENOENT: no such file or directory, open '/home/tony/.config/VSCodium/User/globalStorage/vscodevim.vim/.registers'
