Looking for git in: git
Using git 2.30.1 from git
> git rev-parse --git-dir
Open repository: /home/tony/Documents/react/learning-hub-frontend
> git status -z -u
> git symbolic-ref --short HEAD
> git for-each-ref --format=%(refname)%00%(upstream:short)%00%(upstream:track)%00%(objectname) refs/heads/272-nr-fitur-certificate-editor refs/remotes/272-nr-fitur-certificate-editor
> git for-each-ref --sort -committerdate --format %(refname) %(objectname) %(*objectname)
> git remote --verbose
Warning: Failed to watch ref '/home/tony/Documents/react/learning-hub-frontend/.git/refs/remotes/origin/production', is most likely packed.
> git config --get commit.template
> git check-ignore -v -z --stdin
> git show --textconv :src/pages/coming-soon/index.jsx
> git ls-files --stage -- /home/tony/Documents/react/learning-hub-frontend/src/pages/coming-soon/index.jsx
> git cat-file -s addb0829406c475e4fdf52176d16b189a043e2c7
> git status -z -u
> git symbolic-ref --short HEAD
> git for-each-ref --format=%(refname)%00%(upstream:short)%00%(upstream:track)%00%(objectname) refs/heads/272-nr-fitur-certificate-editor refs/remotes/272-nr-fitur-certificate-editor
> git for-each-ref --sort -committerdate --format %(refname) %(objectname) %(*objectname)
> git remote --verbose
Warning: Failed to watch ref '/home/tony/Documents/react/learning-hub-frontend/.git/refs/remotes/origin/production', is most likely packed.
> git config --get commit.template
> git show --textconv :src/pages/coming-soon/index.jsx
> git ls-files --stage -- /home/tony/Documents/react/learning-hub-frontend/src/pages/coming-soon/index.jsx
> git cat-file -s addb0829406c475e4fdf52176d16b189a043e2c7
> git show --textconv :src/pages/coming-soon/index.jsx
> git ls-files --stage -- /home/tony/Documents/react/learning-hub-frontend/src/pages/coming-soon/index.jsx
> git cat-file -s addb0829406c475e4fdf52176d16b189a043e2c7
> git status -z -u
> git symbolic-ref --short HEAD
> git for-each-ref --format=%(refname)%00%(upstream:short)%00%(upstream:track)%00%(objectname) refs/heads/272-nr-fitur-certificate-editor refs/remotes/272-nr-fitur-certificate-editor
> git for-each-ref --sort -committerdate --format %(refname) %(objectname) %(*objectname)
> git remote --verbose
Warning: Failed to watch ref '/home/tony/Documents/react/learning-hub-frontend/.git/refs/remotes/origin/production', is most likely packed.
> git config --get commit.template
> git show --textconv :src/pages/coming-soon/index.jsx
> git ls-files --stage -- /home/tony/Documents/react/learning-hub-frontend/src/pages/coming-soon/index.jsx
> git cat-file -s addb0829406c475e4fdf52176d16b189a043e2c7
